<?xml version="1.0" encoding="UTF-8"?>
<testsuites name="jest tests" tests="2" failures="0" time="3.114">
  <testsuite name="Funkcja iterateAndSum" errors="0" failures="0" skipped="0" timestamp="2021-04-18T17:33:30" time="1.7" tests="2">
    <testcase classname="Funkcja iterateAndSum powinna zwrócić liczbę" name="Funkcja iterateAndSum powinna zwrócić liczbę" time="0.002">
    </testcase>
    <testcase classname="Funkcja iterateAndSum powinna zwrócić sumę wszystkich elementów tablicy" name="Funkcja iterateAndSum powinna zwrócić sumę wszystkich elementów tablicy" time="0.001">
    </testcase>
  </testsuite>
</testsuites>